2023-05-02 19:27:53,757 (1508601) X5p [main] com.nagp.tests.LoginTest (1):XL - navigated to login page
2023-05-02 19:27:54,367 (1508601) X5p [main] com.nagp.tests.LoginTest (1):XL - entered email and password
2023-05-02 19:28:17,845 (1508601) X5p [main] com.nagp.tests.BaseTest (1):XL - Successfully logged out
2023-05-02 19:28:19,110 (1508601) X5p [main] com.nagp.tests.LoginTest (1):XL - Changed the actual menu item in order to fail the test case
2023-05-02 19:28:49,006 (1508601) X5p [main] com.nagp.tests.BaseTest (1):XL - navigated to login page
2023-05-02 19:28:49,312 (1508601) X5p [main] com.nagp.tests.BaseTest (1):XL - entered email and password
2023-05-02 19:28:51,091 (1508601) X5p [main] com.nagp.tests.BaseTest (1):XL - Login successful
2023-05-02 19:28:53,912 (1508601) X5p [main] com.nagp.tests.BaseTest (1):XL - Selected Push It Messenger Bag
2023-05-02 19:28:54,358 (1508601) X5p [main] com.nagp.tests.BaseTest (1):XL - Product added to cart
2023-05-02 19:29:07,044 (1508601) X5p [main] com.nagp.tests.BaseTest (1):XL - Successfully logged out
2023-05-02 19:29:09,644 (1508601) X5p [main] com.nagp.tests.BaseTest (1):XL - navigated to login page
2023-05-02 19:29:10,172 (1508601) X5p [main] com.nagp.tests.BaseTest (1):XL - entered email and password
2023-05-02 19:29:48,493 (1508601) X5p [main] com.nagp.tests.BaseTest (1):XL - Successfully logged out
2023-05-02 19:31:21,338 (1508601) X5p [main] com.nagp.tests.LoginTest (1):XL - Successfully entered all the user details
2023-05-02 19:31:25,379 (1508601) X5p [main] com.nagp.tests.LoginTest (1):XL - Clicked on Create Account button
2023-05-02 19:31:37,278 (1508601) X5p [main] com.nagp.tests.LoginTest (1):XL - New Account successfully created
2023-05-02 19:31:46,548 (1508601) X5p [main] com.nagp.tests.BaseTest (1):XL - Successfully logged out
2023-05-02 19:31:49,633 (1508601) X5p [main] com.nagp.tests.LoginTest (1):XL - navigated to login page
2023-05-02 19:31:51,547 (1508601) X5p [main] com.nagp.tests.LoginTest (1):XL - entered email and password
2023-05-02 19:32:16,105 (1508601) X5p [main] com.nagp.tests.BaseTest (1):XL - Successfully logged out
2023-05-02 19:32:18,412 (1508601) X5p [main] com.nagp.tests.LoginTest (1):XL - navigated to login page
2023-05-02 19:32:18,749 (1508601) X5p [main] com.nagp.tests.LoginTest (1):XL - entered email and password
2023-05-02 19:32:43,590 (1508601) X5p [main] com.nagp.tests.LoginTest (1):XL - Changed the actual menu item in order to fail the test case
2023-05-02 19:33:14,309 (1508601) X5p [main] com.nagp.tests.BaseTest (1):XL - navigated to login page
2023-05-02 19:33:14,735 (1508601) X5p [main] com.nagp.tests.BaseTest (1):XL - entered email and password
2023-05-02 19:33:16,721 (1508601) X5p [main] com.nagp.tests.BaseTest (1):XL - Login successful
2023-05-02 19:33:19,738 (1508601) X5p [main] com.nagp.tests.BaseTest (1):XL - Selected Push It Messenger Bag
2023-05-02 19:33:19,917 (1508601) X5p [main] com.nagp.tests.BaseTest (1):XL - Product added to cart
2023-05-02 19:34:13,955 (1508601) X5p [main] com.nagp.tests.BaseTest (1):XL - Order placed successfully
2023-05-02 19:34:23,179 (1508601) X5p [main] com.nagp.tests.BaseTest (1):XL - Successfully logged out
2023-05-02 19:34:25,840 (1508601) X5p [main] com.nagp.tests.BaseTest (1):XL - navigated to login page
2023-05-02 19:34:26,430 (1508601) X5p [main] com.nagp.tests.BaseTest (1):XL - entered email and password
2023-05-02 19:34:28,742 (1508601) X5p [main] com.nagp.tests.BaseTest (1):XL - Login successful
2023-05-02 19:34:51,128 (1508601) X5p [main] com.nagp.tests.BaseTest (1):XL - Cart is empty. Please add products
2023-05-02 19:34:53,390 (1508601) X5p [main] com.nagp.tests.BaseTest (1):XL - Navigated to Men successfully
2023-05-02 19:34:55,489 (1508601) X5p [main] com.nagp.tests.BaseTest (1):XL - Selected Jackets
2023-05-02 19:34:58,298 (1508601) X5p [main] com.nagp.tests.BaseTest (1):XL - Selected Lando Gym Jacket
2023-05-02 19:34:58,671 (1508601) X5p [main] com.nagp.tests.BaseTest (1):XL - Product added to cart
2023-05-02 19:35:23,312 (1508601) X5p [main] com.nagp.tests.BaseTest (1):XL - Successfully logged out
2023-05-02 19:35:25,914 (1508601) X5p [main] com.nagp.tests.BaseTest (1):XL - navigated to login page
2023-05-02 19:35:26,187 (1508601) X5p [main] com.nagp.tests.BaseTest (1):XL - entered email and password
2023-05-02 19:35:28,656 (1508601) X5p [main] com.nagp.tests.BaseTest (1):XL - Login successful
2023-05-02 19:35:31,033 (1508601) X5p [main] com.nagp.tests.BaseTest (1):XL - Selected Push It Messenger Bag
2023-05-02 19:35:31,373 (1508601) X5p [main] com.nagp.tests.BaseTest (1):XL - Product added to cart
2023-05-02 19:35:54,579 (1508601) X5p [main] com.nagp.tests.BaseTest (1):XL - Successfully logged out
2023-05-02 19:35:57,720 (1508601) X5p [main] com.nagp.tests.BaseTest (1):XL - navigated to login page
2023-05-02 19:35:58,047 (1508601) X5p [main] com.nagp.tests.BaseTest (1):XL - entered email and password
2023-05-02 19:37:09,667 (1508601) X5p [main] com.nagp.tests.BaseTest (1):XL - Successfully logged out
2023-05-02 19:46:26,917 (1508601) X5p [main] com.nagp.tests.LoginTest (1):XL - Successfully entered all the user details
2023-05-02 19:46:31,246 (1508601) X5p [main] com.nagp.tests.LoginTest (1):XL - Clicked on Create Account button
2023-05-02 19:46:43,015 (1508601) X5p [main] com.nagp.tests.LoginTest (1):XL - New Account successfully created
2023-05-02 19:46:52,307 (1508601) X5p [main] com.nagp.tests.BaseTest (1):XL - Successfully logged out
2023-05-02 19:46:56,796 (1508601) X5p [main] com.nagp.tests.LoginTest (1):XL - navigated to login page
2023-05-02 19:46:57,872 (1508601) X5p [main] com.nagp.tests.LoginTest (1):XL - entered email and password
2023-05-02 19:47:13,272 (1508601) X5p [main] com.nagp.tests.BaseTest (1):XL - Successfully logged out
2023-05-02 19:47:18,320 (1508601) X5p [main] com.nagp.tests.LoginTest (1):XL - navigated to login page
2023-05-02 19:47:20,783 (1508601) X5p [main] com.nagp.tests.LoginTest (1):XL - entered email and password
2023-05-02 19:47:46,211 (1508601) X5p [main] com.nagp.tests.LoginTest (1):XL - Changed the actual menu item in order to fail the test case
2023-05-02 19:49:18,447 (1508601) X5p [main] com.nagp.tests.BaseTest (1):XL - navigated to login page
2023-05-02 19:49:20,386 (1508601) X5p [main] com.nagp.tests.BaseTest (1):XL - entered email and password
2023-05-02 19:49:25,127 (1508601) X5p [main] com.nagp.tests.BaseTest (1):XL - Login successful
2023-05-02 19:49:33,225 (1508601) X5p [main] com.nagp.tests.BaseTest (1):XL - Selected Push It Messenger Bag
2023-05-02 19:49:34,286 (1508601) X5p [main] com.nagp.tests.BaseTest (1):XL - Product added to cart
2023-05-02 19:50:35,472 (1508601) X5p [main] com.nagp.tests.BaseTest (1):XL - Order placed successfully
2023-05-02 19:50:45,012 (1508601) X5p [main] com.nagp.tests.BaseTest (1):XL - Successfully logged out
2023-05-02 19:50:52,225 (1508601) X5p [main] com.nagp.tests.BaseTest (1):XL - navigated to login page
2023-05-02 19:50:53,315 (1508601) X5p [main] com.nagp.tests.BaseTest (1):XL - entered email and password
2023-05-02 19:50:55,867 (1508601) X5p [main] com.nagp.tests.BaseTest (1):XL - Login successful
2023-05-02 19:51:20,270 (1508601) X5p [main] com.nagp.tests.BaseTest (1):XL - Cart is empty. Please add products
2023-05-02 19:51:23,373 (1508601) X5p [main] com.nagp.tests.BaseTest (1):XL - Navigated to Men successfully
2023-05-02 19:51:25,648 (1508601) X5p [main] com.nagp.tests.BaseTest (1):XL - Selected Jackets
2023-05-02 19:51:30,768 (1508601) X5p [main] com.nagp.tests.BaseTest (1):XL - Selected Lando Gym Jacket
2023-05-02 19:51:31,758 (1508601) X5p [main] com.nagp.tests.BaseTest (1):XL - Product added to cart
2023-05-02 19:51:56,597 (1508601) X5p [main] com.nagp.tests.BaseTest (1):XL - Successfully logged out
2023-05-02 19:51:59,279 (1508601) X5p [main] com.nagp.tests.BaseTest (1):XL - navigated to login page
2023-05-02 19:51:59,906 (1508601) X5p [main] com.nagp.tests.BaseTest (1):XL - entered email and password
2023-05-02 19:52:02,638 (1508601) X5p [main] com.nagp.tests.BaseTest (1):XL - Login successful
2023-05-02 19:52:06,809 (1508601) X5p [main] com.nagp.tests.BaseTest (1):XL - Selected Push It Messenger Bag
2023-05-02 19:52:07,432 (1508601) X5p [main] com.nagp.tests.BaseTest (1):XL - Product added to cart
2023-05-02 19:52:30,940 (1508601) X5p [main] com.nagp.tests.BaseTest (1):XL - Successfully logged out
2023-05-02 19:52:35,236 (1508601) X5p [main] com.nagp.tests.BaseTest (1):XL - navigated to login page
2023-05-02 19:52:36,424 (1508601) X5p [main] com.nagp.tests.BaseTest (1):XL - entered email and password
2023-05-02 19:53:50,622 (1508601) X5p [main] com.nagp.tests.BaseTest (1):XL - Successfully logged out
2023-05-30 23:17:31,368 (1508601) X5p [main] com.nagp.tests.LoginTest (1):XL - Successfully entered all the user details
2023-05-30 23:17:34,858 (1508601) X5p [main] com.nagp.tests.LoginTest (1):XL - Clicked on Create Account button
2023-05-30 23:17:46,620 (1508601) X5p [main] com.nagp.tests.LoginTest (1):XL - New Account successfully created
2023-05-30 23:17:55,790 (1508601) X5p [main] com.nagp.tests.BaseTest (1):XL - Successfully logged out
2023-05-30 23:17:58,704 (1508601) X5p [main] com.nagp.tests.LoginTest (1):XL - navigated to login page
2023-05-30 23:17:58,957 (1508601) X5p [main] com.nagp.tests.LoginTest (1):XL - entered email and password
2023-05-30 23:18:22,354 (1508601) X5p [main] com.nagp.tests.BaseTest (1):XL - Successfully logged out
2023-05-30 23:18:24,959 (1508601) X5p [main] com.nagp.tests.LoginTest (1):XL - navigated to login page
2023-05-30 23:18:25,214 (1508601) X5p [main] com.nagp.tests.LoginTest (1):XL - entered email and password
2023-05-30 23:18:49,763 (1508601) X5p [main] com.nagp.tests.LoginTest (1):XL - Changed the actual menu item in order to fail the test case
2023-05-30 23:35:04,251 (1508601) X5p [main] com.nagp.tests.LoginTest (1):XL - Successfully entered all the user details
2023-05-30 23:35:06,958 (1508601) X5p [main] com.nagp.tests.LoginTest (1):XL - Clicked on Create Account button
2023-05-30 23:35:26,333 (1508601) X5p [main] com.nagp.tests.BaseTest (1):XL - Successfully logged out
2023-05-30 23:35:28,058 (1508601) X5p [main] com.nagp.tests.LoginTest (1):XL - navigated to login page
2023-05-30 23:35:28,332 (1508601) X5p [main] com.nagp.tests.LoginTest (1):XL - entered email and password
2023-05-30 23:35:50,483 (1508601) X5p [main] com.nagp.tests.BaseTest (1):XL - Successfully logged out
2023-05-30 23:35:52,617 (1508601) X5p [main] com.nagp.tests.LoginTest (1):XL - navigated to login page
2023-05-30 23:35:52,873 (1508601) X5p [main] com.nagp.tests.LoginTest (1):XL - entered email and password
2023-05-30 23:36:16,339 (1508601) X5p [main] com.nagp.tests.LoginTest (1):XL - Changed the actual menu item in order to fail the test case
